<?xml version="1.0" encoding="UTF-8"?>
<testng-results skipped="0" failed="0" total="6" passed="6">
  <reporter-output>
  </reporter-output>
  <suite name="Default suite" duration-ms="189415" started-at="2016-09-30T08:43:50Z" finished-at="2016-09-30T08:46:59Z">
    <groups>
    </groups>
    <test name="Default test" duration-ms="189415" started-at="2016-09-30T08:43:50Z" finished-at="2016-09-30T08:46:59Z">
      <class name="com.myid.albumtest.Demo4">
        <test-method status="PASS" signature="setUp()[pri:0, instance:com.myid.albumtest.Demo4@51efea79]" name="setUp" is-config="true" duration-ms="432" started-at="2016-09-30T16:43:50Z" finished-at="2016-09-30T16:43:50Z">
          <reporter-output>
          </reporter-output>
        </test-method> <!-- setUp -->
        <test-method status="PASS" signature="waitLaunch()[pri:0, instance:com.myid.albumtest.Demo4@51efea79]" name="waitLaunch" duration-ms="58" started-at="2016-09-30T16:43:50Z" finished-at="2016-09-30T16:43:50Z">
          <reporter-output>
          </reporter-output>
        </test-method> <!-- waitLaunch -->
        <test-method status="PASS" signature="login()[pri:0, instance:com.myid.albumtest.Demo4@51efea79]" name="login" duration-ms="21519" started-at="2016-09-30T16:43:50Z" depends-on-methods="com.myid.albumtest.Demo4.waitLaunch" finished-at="2016-09-30T16:44:12Z">
          <reporter-output>
          </reporter-output>
        </test-method> <!-- login -->
        <test-method status="PASS" signature="localphoto()[pri:0, instance:com.myid.albumtest.Demo4@51efea79]" name="localphoto" duration-ms="71637" started-at="2016-09-30T16:44:12Z" depends-on-methods="com.myid.albumtest.Demo4.login" finished-at="2016-09-30T16:45:24Z">
          <reporter-output>
          </reporter-output>
        </test-method> <!-- localphoto -->
        <test-method status="PASS" signature="yunphoto()[pri:0, instance:com.myid.albumtest.Demo4@51efea79]" name="yunphoto" duration-ms="28610" started-at="2016-09-30T16:45:24Z" depends-on-methods="com.myid.albumtest.Demo4.localphoto" finished-at="2016-09-30T16:45:52Z">
          <reporter-output>
          </reporter-output>
        </test-method> <!-- yunphoto -->
        <test-method status="PASS" signature="yunaddphoto()[pri:0, instance:com.myid.albumtest.Demo4@51efea79]" name="yunaddphoto" duration-ms="40063" started-at="2016-09-30T16:45:52Z" depends-on-methods="com.myid.albumtest.Demo4.yunphoto" finished-at="2016-09-30T16:46:32Z">
          <reporter-output>
          </reporter-output>
        </test-method> <!-- yunaddphoto -->
        <test-method status="PASS" signature="yundelphoto()[pri:0, instance:com.myid.albumtest.Demo4@51efea79]" name="yundelphoto" duration-ms="26076" started-at="2016-09-30T16:46:32Z" depends-on-methods="com.myid.albumtest.Demo4.yunaddphoto" finished-at="2016-09-30T16:46:58Z">
          <reporter-output>
          </reporter-output>
        </test-method> <!-- yundelphoto -->
        <test-method status="PASS" signature="tearDown()[pri:0, instance:com.myid.albumtest.Demo4@51efea79]" name="tearDown" is-config="true" duration-ms="989" started-at="2016-09-30T16:46:58Z" finished-at="2016-09-30T16:46:59Z">
          <reporter-output>
          </reporter-output>
        </test-method> <!-- tearDown -->
      </class> <!-- com.myid.albumtest.Demo4 -->
    </test> <!-- Default test -->
  </suite> <!-- Default suite -->
</testng-results>
